<?xml version="1.0" encoding="UTF-8"?>
<!-- Generated by org.testng.reporters.JUnitReportReporter -->
<testsuite hostname="LAPTOP-GC40ON1D" failures="0" tests="1" name="com.ipttest.Simple" time="0.007" errors="0" timestamp="2022-09-30T20:01:06 IST" skipped="0">
  <testcase classname="com.ipttest.Simple" name="submethod6" time="0.007"/>
  <system-out/>
</testsuite> <!-- com.ipttest.Simple -->
